<?xml version="1.0" encoding="UTF-8"?>
<!-- Generated by org.testng.reporters.JUnitReportReporter -->
<testsuite hostname="LAPTOP-N1ASVGNK" failures="0" tests="5" name="grouping.Login" time="0.011" errors="0" timestamp="2024-08-26T16:51:46 IST" skipped="0">
  <testcase classname="grouping.Login" name="userLoginWithValidCreds" time="0.007"/>
  <system-out/>
  <testcase classname="grouping.Login" name="userLoginWithValidEmailInvalidPassword" time="0.001"/>
  <system-out/>
  <testcase classname="grouping.Login" name="userLoginWithInvalidEmailValidPassword" time="0.001"/>
  <system-out/>
  <testcase classname="grouping.Login" name="userLoginWithInvalidCreds" time="0.001"/>
  <system-out/>
  <testcase classname="grouping.Login" name="userLoginWithEmptyCreds" time="0.001"/>
  <system-out/>
</testsuite> <!-- grouping.Login -->
