<?xml version="1.0" encoding="UTF-8"?>
<!-- Generated by org.testng.reporters.JUnitReportReporter -->
<testsuite hostname="LAPTOP-N1ASVGNK" failures="0" tests="5" name="packagelevel.Login" time="0.011" errors="0" timestamp="2024-08-30T18:41:40 IST" skipped="0">
  <testcase classname="packagelevel.Login" name="loginWithEmptyCreds" time="0.007"/>
  <system-out/>
  <testcase classname="packagelevel.Login" name="loginWithInvalidCreds" time="0.001"/>
  <system-out/>
  <testcase classname="packagelevel.Login" name="loginWithValidCreds" time="0.001"/>
  <system-out/>
  <testcase classname="packagelevel.Login" name="loginWithInvalidEmailInvalidPassword" time="0.001"/>
  <system-out/>
  <testcase classname="packagelevel.Login" name="loginWithvalidEmailInvalidPassword" time="0.001"/>
  <system-out/>
</testsuite> <!-- packagelevel.Login -->
