<?xml version="1.0" encoding="UTF-8"?>
<!-- Generated by org.testng.reporters.JUnitReportReporter -->
<testsuite hostname="LAPTOP-N1ASVGNK" failures="0" tests="3" name="packagelevel.Search" time="0.001" errors="0" timestamp="2024-08-30T18:41:40 IST" skipped="0">
  <testcase classname="packagelevel.Search" name="searchWithoutSearchItem" time="0.000"/>
  <system-out/>
  <testcase classname="packagelevel.Search" name="searchForInValidProduct" time="0.001"/>
  <system-out/>
  <testcase classname="packagelevel.Search" name="searchForValidProduct" time="0.000"/>
  <system-out/>
</testsuite> <!-- packagelevel.Search -->
