<?xml version="1.0" encoding="UTF-8"?>
<!-- Generated by org.testng.reporters.JUnitReportReporter -->
<testsuite hostname="LAPTOP-N1ASVGNK" failures="0" tests="1" name="ddt.SampleDemoDataProvider" time="0.008" errors="0" timestamp="2024-09-06T13:29:07 IST" skipped="0">
  <testcase classname="ddt.SampleDemoDataProvider" name="printData" time="0.008"/>
  <system-out/>
</testsuite> <!-- ddt.SampleDemoDataProvider -->
