<?xml version="1.0" encoding="UTF-8"?>
<!-- Generated by org.testng.reporters.JUnitReportReporter -->
<testsuite hostname="LAPTOP-N1ASVGNK" failures="0" tests="4" name="grouping.Register" time="0.012" errors="0" timestamp="2024-08-26T16:49:55 IST" skipped="0">
  <testcase classname="grouping.Register" name="resisterByProvidingMandatoryFields" time="0.009"/>
  <system-out/>
  <testcase classname="grouping.Register" name="resisterByProvidingAllFields" time="0.001"/>
  <system-out/>
  <testcase classname="grouping.Register" name="resisterByNotProvidingAnyFields" time="0.001"/>
  <system-out/>
  <testcase classname="grouping.Register" name="resisterByProvidingDuplicateEmail" time="0.001"/>
  <system-out/>
</testsuite> <!-- grouping.Register -->
