<?xml version="1.0" encoding="UTF-8"?>
<!-- Generated by org.testng.reporters.JUnitReportReporter -->
<testsuite hostname="LAPTOP-N1ASVGNK" failures="0" tests="2" name="com.tutorialsninja.tests.Login" time="8.227" errors="0" timestamp="2024-08-08T19:47:28 IST" skipped="0">
  <testcase classname="com.tutorialsninja.tests.Login" name="verifyLoginWithInalidCredentials" time="5.843"/>
  <system-out/>
  <testcase classname="com.tutorialsninja.tests.Login" name="verifyLoginWithValidCredentials" time="2.384"/>
  <system-out/>
</testsuite> <!-- com.tutorialsninja.tests.Login -->
