<?xml version="1.0" encoding="UTF-8"?>
<!-- Generated by org.testng.reporters.JUnitReportReporter -->
<testsuite hostname="LAPTOP-N1ASVGNK" failures="0" tests="1" name="demo.NewTest" time="0.006" errors="0" timestamp="2024-08-08T18:28:13 IST" skipped="0">
  <testcase classname="demo.NewTest" name="sampleMethod" time="0.006"/>
  <system-out/>
</testsuite> <!-- demo.NewTest -->
