<?xml version="1.0" encoding="UTF-8"?>
<!-- Generated by org.testng.reporters.JUnitReportReporter -->
<testsuite hostname="LAPTOP-N1ASVGNK" failures="0" tests="5" name="groupannotation.Login" time="0.005" errors="0" timestamp="2024-08-27T12:31:37 IST" skipped="0">
  <testcase classname="groupannotation.Login" name="userLoginWithValidCreds" time="0.001"/>
  <system-out/>
  <testcase classname="groupannotation.Login" name="userLoginWithValidEmailInvalidPassword" time="0.001"/>
  <system-out/>
  <testcase classname="groupannotation.Login" name="userLoginWithInvalidEmailValidPassword" time="0.001"/>
  <system-out/>
  <testcase classname="groupannotation.Login" name="userLoginWithInvalidCreds" time="0.001"/>
  <system-out/>
  <testcase classname="groupannotation.Login" name="userLoginWithEmptyCreds" time="0.001"/>
  <system-out/>
</testsuite> <!-- groupannotation.Login -->
