<?xml version="1.0" encoding="UTF-8"?>
<!-- Generated by org.testng.reporters.JUnitReportReporter -->
<testsuite hostname="LAPTOP-N1ASVGNK" failures="0" tests="2" name="annotationstests.EnabledParameter" time="16.237" errors="0" timestamp="2024-08-22T19:22:16 IST" skipped="0">
  <testcase classname="annotationstests.EnabledParameter" name="userLoginWithInvalidCreds" time="9.311"/>
  <system-out/>
  <testcase classname="annotationstests.EnabledParameter" name="userLoginWithEmptyCreds" time="6.926"/>
  <system-out/>
</testsuite> <!-- annotationstests.EnabledParameter -->
