<?xml version="1.0" encoding="UTF-8"?>
<!-- Generated by org.testng.reporters.JUnitReportReporter -->
<testsuite hostname="LAPTOP-N1ASVGNK" failures="0" tests="1" name="demoxml.ClassC" time="0.001" errors="0" timestamp="2024-08-09T17:58:26 IST" skipped="0">
  <testcase classname="demoxml.ClassC" name="methodCOne" time="0.001"/>
  <system-out/>
</testsuite> <!-- demoxml.ClassC -->
