<?xml version="1.0" encoding="UTF-8"?>
<!-- Generated by org.testng.reporters.JUnitReportReporter -->
<testsuite hostname="LAPTOP-N1ASVGNK" failures="0" tests="4" name="groupannotation.Register" time="0.016" errors="0" timestamp="2024-08-27T11:04:57 IST" skipped="0">
  <testcase classname="groupannotation.Register" name="resisterByProvidingMandatoryFields" time="0.012"/>
  <system-out/>
  <testcase classname="groupannotation.Register" name="resisterByProvidingAllFields" time="0.002"/>
  <system-out/>
  <testcase classname="groupannotation.Register" name="resisterByNotProvidingAnyFields" time="0.001"/>
  <system-out/>
  <testcase classname="groupannotation.Register" name="resisterByProvidingDuplicateEmail" time="0.001"/>
  <system-out/>
</testsuite> <!-- groupannotation.Register -->
