<?xml version="1.0" encoding="UTF-8"?>
<!-- Generated by org.testng.reporters.JUnitReportReporter -->
<testsuite hostname="LAPTOP-N1ASVGNK" failures="0" tests="5" name="annotationstests.Login" time="40.144" errors="0" timestamp="2024-08-21T18:27:12 IST" skipped="0">
  <testcase classname="annotationstests.Login" name="userLoginWithValidCredentials" time="7.244"/>
  <system-out/>
  <testcase classname="annotationstests.Login" name="userLoginWithValidEmailInvalidPassword" time="10.571"/>
  <system-out/>
  <testcase classname="annotationstests.Login" name="userLoginWithInvalidEmailValidPassword" time="7.052"/>
  <system-out/>
  <testcase classname="annotationstests.Login" name="userLoginWithInvalidCreds" time="7.445"/>
  <system-out/>
  <testcase classname="annotationstests.Login" name="userLoginWithEmptyCreds" time="7.832"/>
  <system-out/>
</testsuite> <!-- annotationstests.Login -->
