<?xml version="1.0" encoding="UTF-8"?>
<!-- Generated by org.testng.reporters.JUnitReportReporter -->
<testsuite hostname="LAPTOP-N1ASVGNK" failures="0" tests="3" name="grouping.Search" time="0.003" errors="0" timestamp="2024-08-26T16:49:55 IST" skipped="0">
  <testcase classname="grouping.Search" name="searchForValidProduct" time="0.001"/>
  <system-out/>
  <testcase classname="grouping.Search" name="searchForInalidProduct" time="0.001"/>
  <system-out/>
  <testcase classname="grouping.Search" name="searchWithoutSearchItem" time="0.001"/>
  <system-out/>
</testsuite> <!-- grouping.Search -->
