<?xml version="1.0" encoding="UTF-8"?>
<!-- Generated by org.testng.reporters.JUnitReportReporter -->
<testsuite hostname="LAPTOP-N1ASVGNK" failures="0" tests="4" name="packagelevel.Register" time="0.004" errors="0" timestamp="2024-08-30T18:41:40 IST" skipped="0">
  <testcase classname="packagelevel.Register" name="registerWithAllFields" time="0.001"/>
  <system-out/>
  <testcase classname="packagelevel.Register" name="registerWithoutProvidingAnyFields" time="0.001"/>
  <system-out/>
  <testcase classname="packagelevel.Register" name="registerWithAllMandatoryFields" time="0.001"/>
  <system-out/>
  <testcase classname="packagelevel.Register" name="registerWithDuplicateEmail" time="0.001"/>
  <system-out/>
</testsuite> <!-- packagelevel.Register -->
