<?xml version="1.0" encoding="UTF-8"?>
<!-- Generated by org.testng.reporters.JUnitReportReporter -->
<testsuite hostname="LAPTOP-N1ASVGNK" failures="0" tests="3" name="ddt.DDTDemo" time="23.746" errors="0" timestamp="2024-09-03T19:02:34 IST" skipped="0">
  <testcase classname="ddt.DDTDemo" name="verifyLogin" time="8.337"/>
  <system-out/>
  <testcase classname="ddt.DDTDemo" name="verifyLogin" time="7.278"/>
  <system-out/>
  <testcase classname="ddt.DDTDemo" name="verifyLogin" time="8.131"/>
  <system-out/>
</testsuite> <!-- ddt.DDTDemo -->
