<?xml version="1.0" encoding="UTF-8"?>
<!-- Generated by org.testng.reporters.JUnitReportReporter -->
<testsuite hostname="LAPTOP-N1ASVGNK" failures="0" tests="1" name="annotationstests.LoginWithOptionalParameters" time="7.472" errors="0" timestamp="2024-08-21T19:25:01 IST" skipped="0">
  <testcase classname="annotationstests.LoginWithOptionalParameters" name="verifyLoginWithValidCredentials" time="7.472"/>
  <system-out/>
</testsuite> <!-- annotationstests.LoginWithOptionalParameters -->
