<?xml version="1.0" encoding="UTF-8"?>
<!-- Generated by org.testng.reporters.JUnitReportReporter -->
<testsuite hostname="LAPTOP-N1ASVGNK" failures="0" tests="1" name="annotationstests.LoginWithParameters" time="7.544" errors="0" timestamp="2024-08-21T19:02:59 IST" skipped="0">
  <testcase classname="annotationstests.LoginWithParameters" name="verifyLoginWithValidCredentials" time="7.544"/>
  <system-out/>
</testsuite> <!-- annotationstests.LoginWithParameters -->
