<?xml version="1.0" encoding="UTF-8"?>
<!-- Generated by org.testng.reporters.JUnitReportReporter -->
<testsuite hostname="LAPTOP-N1ASVGNK" failures="0" tests="3" name="ignoreannotation.ClassA" time="0.013" errors="0" timestamp="2024-08-26T15:49:39 IST" skipped="0">
  <testcase classname="ignoreannotation.ClassA" name="classAone" time="0.010"/>
  <system-out/>
  <testcase classname="ignoreannotation.ClassA" name="classAthree" time="0.001"/>
  <system-out/>
  <testcase classname="ignoreannotation.ClassA" name="classAtwo" time="0.002"/>
  <system-out/>
</testsuite> <!-- ignoreannotation.ClassA -->
