<?xml version="1.0" encoding="UTF-8"?>
<!-- Generated by org.testng.reporters.JUnitReportReporter -->
<testsuite hostname="LAPTOP-N1ASVGNK" failures="0" tests="2" name="demo.Sample" time="0.014" errors="0" timestamp="08 Aug 2024 12:41:15 GMT" skipped="0">
  <testcase classname="demo.Sample" name="printUserName" time="0.013"/>
  <testcase classname="demo.Sample" name="printLocation" time="0.001"/>
</testsuite> <!-- demo.Sample -->
