<?xml version="1.0" encoding="UTF-8"?>
<!-- Generated by org.testng.reporters.JUnitReportReporter -->
<testsuite hostname="LAPTOP-N1ASVGNK" failures="0" tests="5" name="com.tutorialsninja.tests.PriorityHandles" time="0.021" errors="0" timestamp="2024-08-09T16:39:44 IST" skipped="0">
  <testcase classname="com.tutorialsninja.tests.PriorityHandles" name="sampleTwo" time="0.016"/>
  <system-out/>
  <testcase classname="com.tutorialsninja.tests.PriorityHandles" name="sampleThree" time="0.001"/>
  <system-out/>
  <testcase classname="com.tutorialsninja.tests.PriorityHandles" name="sampleFive" time="0.001"/>
  <system-out/>
  <testcase classname="com.tutorialsninja.tests.PriorityHandles" name="sampleOne" time="0.001"/>
  <system-out/>
  <testcase classname="com.tutorialsninja.tests.PriorityHandles" name="sampleFour" time="0.002"/>
  <system-out/>
</testsuite> <!-- com.tutorialsninja.tests.PriorityHandles -->
